<?xml version="1.0" encoding="UTF-8"?>
<!-- Generated by org.testng.reporters.JUnitReportReporter -->
<testsuite hostname="DESKTOP-9IFBIQF" failures="0" tests="1" name="testScenarios.SwitchingWindows" time="17.312" errors="0" timestamp="18 Mar 2024 01:45:10 GMT" skipped="0">
  <testcase classname="testScenarios.SwitchingWindows" name="switchWin" time="17.312"/>
</testsuite> <!-- testScenarios.SwitchingWindows -->
